c:\users\komrad36\google drive\vs projects\boids_sdl\boids_sdl\x64\debug\vc120.pdb
c:\users\komrad36\google drive\vs projects\boids_sdl\boids_sdl\x64\debug\vc120.idb
c:\users\komrad36\google drive\vs projects\boids_sdl\boids_sdl\x64\debug\boids.obj
c:\users\komrad36\google drive\vs projects\boids_sdl\boids_sdl\x64\debug\main.obj
c:\users\komrad36\google drive\vs projects\boids_sdl\boids_sdl\x64\debug\mysdl.obj
d:\google drive\vs projects\boids_sdl\boids_sdl\x64\debug\vc120.pdb
d:\google drive\vs projects\boids_sdl\boids_sdl\x64\debug\vc120.idb
d:\google drive\vs projects\boids_sdl\boids_sdl\x64\debug\boids.obj
d:\google drive\vs projects\boids_sdl\boids_sdl\x64\debug\main.obj
d:\google drive\vs projects\boids_sdl\boids_sdl\x64\debug\mysdl.obj
c:\users\komrad36\google drive\vs projects\boids_sdl\x64\debug\boids_sdl.ilk
c:\users\komrad36\google drive\vs projects\boids_sdl\x64\debug\boids_sdl.exe
c:\users\komrad36\google drive\vs projects\boids_sdl\x64\debug\boids_sdl.pdb
d:\google drive\vs projects\boids_sdl\x64\debug\boids_sdl.ilk
d:\google drive\vs projects\boids_sdl\x64\debug\boids_sdl.exe
d:\google drive\vs projects\boids_sdl\x64\debug\boids_sdl.pdb
d:\google drive\vs projects\boids_sdl\boids_sdl\x64\debug\boids_sdl.tlog\cl.command.1.tlog
d:\google drive\vs projects\boids_sdl\boids_sdl\x64\debug\boids_sdl.tlog\cl.read.1.tlog
d:\google drive\vs projects\boids_sdl\boids_sdl\x64\debug\boids_sdl.tlog\cl.write.1.tlog
d:\google drive\vs projects\boids_sdl\boids_sdl\x64\debug\boids_sdl.tlog\link.command.1.tlog
d:\google drive\vs projects\boids_sdl\boids_sdl\x64\debug\boids_sdl.tlog\link.read.1.tlog
d:\google drive\vs projects\boids_sdl\boids_sdl\x64\debug\boids_sdl.tlog\link.write.1.tlog
